<?xml version="1.0" encoding="UTF-8"?>
<!-- Generated by org.testng.reporters.JUnitXMLReporter -->
<testsuite ignored="0" hostname="XPS" failures="1" tests="2" name="Test" time="5.792" errors="0" timestamp="2023-12-04T21:04:33 IST">
  <testcase classname="com.report.TestRunner" name="tc_01" time="3.74"/>
  <testcase classname="com.report.TestRunner" name="tc_02" time="2.013">
    <failure type="java.lang.AssertionError" message="expected [MOHIT TECHHUB] but found []">
      <![CDATA[java.lang.AssertionError: expected [MOHIT TECHHUB] but found []
at com.report.TestRunner.tc_02(TestRunner.java:46)
at java.base/java.util.ArrayList.forEach(ArrayList.java:1511)
... Removed 33 stack frames]]>
    </failure>
  </testcase> <!-- tc_02 -->
</testsuite> <!-- Test -->
